<?xml version="1.0" encoding="UTF-8"?>
<!-- Generated by org.testng.reporters.JUnitReportReporter -->
<testsuite skipped="0" hostname="DESKTOP-BJ9OE5C" name="com.api.testcases.TC001_GetEmployeeData" tests="8" failures="0" timestamp="2021-01-04T18:04:03 IST" time="0.074" errors="0">
  <testcase name="checkServerType" time="0.000" classname="com.api.testcases.TC001_GetEmployeeData"/>
  <system-out/>
  <testcase name="checkresponseStatus" time="0.016" classname="com.api.testcases.TC001_GetEmployeeData"/>
  <system-out/>
  <testcase name="checkContentEncoding" time="0.020" classname="com.api.testcases.TC001_GetEmployeeData"/>
  <system-out/>
  <testcase name="checkResponseBody" time="0.038" classname="com.api.testcases.TC001_GetEmployeeData"/>
  <system-out/>
  <testcase name="checkContentLength" time="0.000" classname="com.api.testcases.TC001_GetEmployeeData"/>
  <system-out/>
  <testcase name="checkStatusLine" time="0.000" classname="com.api.testcases.TC001_GetEmployeeData"/>
  <system-out/>
  <testcase name="checkresponseTime" time="0.000" classname="com.api.testcases.TC001_GetEmployeeData"/>
  <system-out/>
  <testcase name="checkContentType" time="0.000" classname="com.api.testcases.TC001_GetEmployeeData"/>
  <system-out/>
</testsuite> <!-- com.api.testcases.TC001_GetEmployeeData -->
