<?xml version="1.0" encoding="UTF-8"?>
<!-- Generated by org.testng.reporters.JUnitReportReporter -->
<testsuite skipped="0" hostname="DESKTOP-BJ9OE5C" name="com.api.testcases.TC002_GetSingleEmployeeData" tests="7" failures="0" timestamp="2021-01-04T18:03:37 IST" time="0.067" errors="0">
  <testcase name="checkContentType" time="0.000" classname="com.api.testcases.TC002_GetSingleEmployeeData"/>
  <system-out/>
  <testcase name="checkContentEncoding" time="0.012" classname="com.api.testcases.TC002_GetSingleEmployeeData"/>
  <system-out/>
  <testcase name="checkStatus" time="0.015" classname="com.api.testcases.TC002_GetSingleEmployeeData"/>
  <system-out/>
  <testcase name="checkResponseBody" time="0.024" classname="com.api.testcases.TC002_GetSingleEmployeeData"/>
  <system-out/>
  <testcase name="checkServerType" time="0.000" classname="com.api.testcases.TC002_GetSingleEmployeeData"/>
  <system-out/>
  <testcase name="checkContentLength" time="0.000" classname="com.api.testcases.TC002_GetSingleEmployeeData"/>
  <system-out/>
  <testcase name="checkStatusLine" time="0.016" classname="com.api.testcases.TC002_GetSingleEmployeeData"/>
  <system-out/>
</testsuite> <!-- com.api.testcases.TC002_GetSingleEmployeeData -->
